[debug] > Exec(early(addDefaultCommands), None, None)
[debug] > Exec(addDefaultCommands, None, None)
[debug] > Exec(early(initialize), None, None)
[debug] > Exec(initialize, None, None)
[debug] > Exec(boot, None, None)
[debug] > Exec(writeSbtVersion, None, None)
[debug] > Exec(reload, None, None)
[debug] > Exec(sbtStashOnFailure, None, None)
[debug] > Exec(onFailure loadFailed, None, None)
[debug] > Exec(loadp, None, None)
[info] welcome to sbt 1.6.2 (Oracle Corporation Java 17.0.2)
[debug] Load.defaultLoad until apply took 187.026026ms
[debug]           Load.loadUnit: plugins took 49.504188ms
[debug]           Load.loadUnit: defsScala took 0.21799ms
[debug] [Loading] Scanning directory /home/vedha/code/fries/scala-samples/csv-processing/project
[debug] [Loading] Found non-root projects 
[debug] [Loading] Done in /home/vedha/code/fries/scala-samples/csv-processing/project, returning: ()
[debug] deducing auto plugins based on known facts Set(Atom(sbt.plugins.CorePlugin)) and clauses Clauses(Clause(Atom(sbt.plugins.JvmPlugin),Set(Atom(sbt.plugins.IvyPlugin)))
[debug] Clause(Atom(sbt.ScriptedPlugin),Set(Atom(sbt.plugins.JvmPlugin)))
[debug] Clause(Atom(sbt.plugins.SbtPlugin),Set(Atom(sbt.ScriptedPlugin)))
[debug] Clause(Atom(sbt.plugins.SemanticdbPlugin),Set(Atom(sbt.plugins.JvmPlugin)))
[debug] Clause(Atom(sbt.plugins.JUnitXmlReportPlugin),Set(Atom(sbt.plugins.JvmPlugin)))
[debug] Clause(Atom(sbt.plugins.MiniDependencyTreePlugin),Set(Atom(sbt.plugins.JvmPlugin)))
[debug] Clause(Atom(sbt.plugins.CorePlugin),Set(Atom(sbt.plugins.IvyPlugin)))
[debug] Clause(Atom(sbt.plugins.IvyPlugin),Set(Atom(sbt.plugins.JvmPlugin)))
[debug] Clause(Atom(sbt.plugins.JvmPlugin),Set(Atom(sbt.plugins.SemanticdbPlugin)))
[debug] Clause(Atom(sbt.plugins.JvmPlugin),Set(Atom(sbt.plugins.JUnitXmlReportPlugin)))
[debug] Clause(Atom(sbt.plugins.CorePlugin),Set(Atom(sbt.plugins.Giter8TemplatePlugin)))
[debug] Clause(Atom(sbt.plugins.JvmPlugin),Set(Atom(sbt.plugins.MiniDependencyTreePlugin))))
[debug]   :: deduced result: Matched(sbt.plugins.CorePlugin,sbt.plugins.Giter8TemplatePlugin,sbt.plugins.IvyPlugin,sbt.plugins.JvmPlugin,sbt.plugins.MiniDependencyTreePlugin,sbt.plugins.JUnitXmlReportPlugin,sbt.plugins.SemanticdbPlugin)
[debug] Plugins.deducer#function took 12.519936 ms
[debug]               Load.resolveProject(csv-processing-build) took 26.678044ms
[debug]             Load.loadTransitive: finalizeProject(Project(id csv-processing-build, base: /home/vedha/code/fries/scala-samples/csv-processing/project, plugins: List(<none>))) took 51.534072ms
[debug] [Loading] Done in /home/vedha/code/fries/scala-samples/csv-processing/project, returning: (csv-processing-build)
[debug]           Load.loadUnit: loadedProjectsRaw took 64.151268ms
[debug]           Load.loadUnit: cleanEvalClasses took 0.210845ms
[debug]         Load.loadUnit(file:/home/vedha/code/fries/scala-samples/csv-processing/project/, ...) took 119.367165ms
[debug]       Load.apply: load took 234.63445ms
[debug]       Load.apply: resolveProjects took 6.448004ms
[debug]       Load.apply: finalTransforms took 43.565905ms
[debug]       Load.apply: config.delegates took 4.941316ms
[debug]       Load.apply: Def.make(settings)... took 215.700392ms
[debug]       Load.apply: structureIndex took 76.336095ms
[debug]       Load.apply: mkStreams took 1.517387ms
[info] loading project definition from /home/vedha/code/fries/scala-samples/csv-processing/project
[debug] Running task... Cancel: Signal, check cycles: false, forcegc: true
[debug]     Load.loadUnit: plugins took 1137.473436ms
[debug]     Load.loadUnit: defsScala took 0.002763ms
[debug] [Loading] Scanning directory /home/vedha/code/fries/scala-samples/csv-processing
[debug]       Load.loadUnit: mkEval took 2.807955ms
[debug] [Loading] Found root project root w/ remaining 
[debug] deducing auto plugins based on known facts Set(Atom(sbt.plugins.CorePlugin)) and clauses Clauses(Clause(Atom(sbt.plugins.JvmPlugin),Set(Atom(sbt.plugins.IvyPlugin)))
[debug] Clause(Atom(sbt.ScriptedPlugin),Set(Atom(sbt.plugins.JvmPlugin)))
[debug] Clause(Atom(sbt.plugins.SbtPlugin),Set(Atom(sbt.ScriptedPlugin)))
[debug] Clause(Atom(sbt.plugins.SemanticdbPlugin),Set(Atom(sbt.plugins.JvmPlugin)))
[debug] Clause(Atom(sbt.plugins.JUnitXmlReportPlugin),Set(Atom(sbt.plugins.JvmPlugin)))
[debug] Clause(Atom(sbt.plugins.MiniDependencyTreePlugin),Set(Atom(sbt.plugins.JvmPlugin)))
[debug] Clause(Atom(sbt.plugins.CorePlugin),Set(Atom(sbt.plugins.IvyPlugin)))
[debug] Clause(Atom(sbt.plugins.IvyPlugin),Set(Atom(sbt.plugins.JvmPlugin)))
[debug] Clause(Atom(sbt.plugins.JvmPlugin),Set(Atom(sbt.plugins.SemanticdbPlugin)))
[debug] Clause(Atom(sbt.plugins.JvmPlugin),Set(Atom(sbt.plugins.JUnitXmlReportPlugin)))
[debug] Clause(Atom(sbt.plugins.CorePlugin),Set(Atom(sbt.plugins.Giter8TemplatePlugin)))
[debug] Clause(Atom(sbt.plugins.JvmPlugin),Set(Atom(sbt.plugins.MiniDependencyTreePlugin))))
[debug]   :: deduced result: Matched(sbt.plugins.CorePlugin,sbt.plugins.Giter8TemplatePlugin,sbt.plugins.IvyPlugin,sbt.plugins.JvmPlugin,sbt.plugins.MiniDependencyTreePlugin,sbt.plugins.JUnitXmlReportPlugin,sbt.plugins.SemanticdbPlugin)
[debug] Plugins.deducer#function took 1.392504 ms
[info] loading settings for project root from build.sbt ...
[debug]         Load.resolveProject(root) took 1.351267ms
[debug]       Load.loadTransitive: finalizeProject(Project(id root, base: /home/vedha/code/fries/scala-samples/csv-processing, plugins: List(<none>))) took 3.378138ms
[debug] [Loading] Done in /home/vedha/code/fries/scala-samples/csv-processing, returning: (root)
[debug]     Load.loadUnit: loadedProjectsRaw took 78.950499ms
[debug]     Load.loadUnit: cleanEvalClasses took 1.649409ms
[debug]   Load.loadUnit(file:/home/vedha/code/fries/scala-samples/csv-processing/, ...) took 1219.22913ms
[debug] Load.apply: load took 1237.515627ms
[debug] Load.apply: resolveProjects took 0.071649ms
[debug] Load.apply: finalTransforms took 9.826363ms
[debug] Load.apply: config.delegates took 0.274833ms
[debug] Load.apply: Def.make(settings)... took 61.75301ms
[debug] Load.apply: structureIndex took 21.500308ms
[debug] Load.apply: mkStreams took 0.001809ms
[info] set current project to csv-processing (in build file:/home/vedha/code/fries/scala-samples/csv-processing/)
[debug] > Exec(sbtPopOnFailure, None, None)
[debug] > Exec(resumeFromFailure, None, None)
[debug] > Exec(notifyUsersAboutShell, None, None)
[debug] > Exec(iflast shell, None, None)
[debug] > Exec(shell, None, None)
[info] sbt server started at local:///home/vedha/.sbt/1.0/server/f9c612ac9d9fff078cbe/sock
[debug] Writing bsp connection file
[info] started sbt server
